Start testing: Mar 15 01:35 �й���׼ʱ��
----------------------------------------------------------
1/1 Testing: self_compiler_smoke
1/1 Test: self_compiler_smoke
Command: "D:/Ai_kernel/llama3/self_compiler/build/core-debug-mingw/self_compiler_cli.exe" "--mode" "demo"
Directory: D:/Ai_kernel/llama3/self_compiler/build/core-debug-mingw
"self_compiler_smoke" start time: Mar 15 01:35 �й���׼ʱ��
Output:
----------------------------------------------------------
==== 高层图 ====
图结构导出
张量列表：
  [T0] input_ids shape=[1, 16] dtype=i32
  [T1] hidden_states shape=[1, 16, 2048] dtype=bf16
  [T2] block_output shape=[1, 16, 2048] dtype=bf16
  [T3] logits shape=[1, 16, 128256] dtype=bf16
算子列表：
  [O0] input kind=Input inputs= outputs= T0
  [O1] embedding kind=Embedding inputs= T0 outputs= T1
  [O2] transformer_block_0 kind=TransformerBlock inputs= T1 outputs= T2
  [O3] lm_head kind=LmHead inputs= T2 outputs= T3
  [O4] output kind=Output inputs= T3 outputs=

==== Lowering 之后的图 ====
图结构导出
张量列表：
  [T0] input_ids shape=[1, 16] dtype=i32
  [T1] hidden_states shape=[1, 16, 2048] dtype=bf16
  [T2] block_output shape=[1, 16, 2048] dtype=bf16
  [T3] logits shape=[1, 16, 128256] dtype=bf16
  [T4] transformer_block_0.rmsnorm0_out shape=[1, 16, 2048] dtype=bf16
  [T5] transformer_block_0.qkv_out shape=[1, 16, 3072] dtype=bf16
  [T6] transformer_block_0.rope_out shape=[1, 16, 3072] dtype=bf16
  [T7] transformer_block_0.attention_out shape=[1, 16, 2048] dtype=bf16
  [T8] transformer_block_0.residual0_out shape=[1, 16, 2048] dtype=bf16
  [T9] transformer_block_0.rmsnorm1_out shape=[1, 16, 2048] dtype=bf16
  [T10] transformer_block_0.swiglu_out shape=[1, 16, 2048] dtype=bf16
  [T11] transformer_block_0.rmsnorm0.weight shape=[2048] dtype=bf16
  [T12] transformer_block_0.qkv_project.wq shape=[2048, 2048] dtype=bf16
  [T13] transformer_block_0.qkv_project.wk shape=[2048, 512] dtype=bf16
  [T14] transformer_block_0.qkv_project.wv shape=[2048, 512] dtype=bf16
  [T15] transformer_block_0.attention.wo shape=[2048, 2048] dtype=bf16
  [T16] transformer_block_0.rmsnorm1.weight shape=[2048] dtype=bf16
  [T17] transformer_block_0.swiglu.w_gate shape=[2048, 8192] dtype=bf16
  [T18] transformer_block_0.swiglu.w_up shape=[2048, 8192] dtype=bf16
  [T19] transformer_block_0.swiglu.w_down shape=[8192, 2048] dtype=bf16
算子列表：
  [O0] input kind=Input inputs= outputs= T0
  [O1] embedding kind=Embedding inputs= T0 outputs= T1
  [O2] transformer_block_0.rmsnorm0 kind=RmsNorm inputs= T1 T11 outputs= T4
  [O3] transformer_block_0.qkv_project kind=QkvProject inputs= T4 T12 T13 T14 outputs= T5
  [O4] transformer_block_0.rope kind=Rope inputs= T5 outputs= T6
  [O5] transformer_block_0.attention kind=Attention inputs= T6 T15 outputs= T7
  [O6] transformer_block_0.residual0 kind=ResidualAdd inputs= T1 T7 outputs= T8
  [O7] transformer_block_0.rmsnorm1 kind=RmsNorm inputs= T8 T16 outputs= T9
  [O8] transformer_block_0.swiglu kind=SwiGLU inputs= T9 T17 T18 T19 outputs= T10
  [O9] transformer_block_0.residual1 kind=ResidualAdd inputs= T8 T10 outputs= T2
  [O10] lm_head kind=LmHead inputs= T2 outputs= T3
  [O11] output kind=Output inputs= T3 outputs=

==== 静态内存规划 ====
total_bytes=126402624 peak_bytes=126402624
  input_ids offset=0 size=64
  hidden_states offset=64 size=65536
  block_output offset=65600 size=65536
  logits offset=131136 size=4104192
  transformer_block_0.rmsnorm0_out offset=4235328 size=65536
  transformer_block_0.qkv_out offset=4300864 size=98304
  transformer_block_0.rope_out offset=4399168 size=98304
  transformer_block_0.attention_out offset=4497472 size=65536
  transformer_block_0.residual0_out offset=4563008 size=65536
  transformer_block_0.rmsnorm1_out offset=4628544 size=65536
  transformer_block_0.swiglu_out offset=4694080 size=65536
  transformer_block_0.rmsnorm0.weight offset=4759616 size=4096
  transformer_block_0.qkv_project.wq offset=4763712 size=8388608
  transformer_block_0.qkv_project.wk offset=13152320 size=2097152
  transformer_block_0.qkv_project.wv offset=15249472 size=2097152
  transformer_block_0.attention.wo offset=17346624 size=8388608
  transformer_block_0.rmsnorm1.weight offset=25735232 size=4096
  transformer_block_0.swiglu.w_gate offset=25739328 size=33554432
  transformer_block_0.swiglu.w_up offset=59293760 size=33554432
  transformer_block_0.swiglu.w_down offset=92848192 size=33554432

==== Toy Backend 命令流 ====
ALLOC input_ids 0 64
ALLOC hidden_states 64 65536
ALLOC block_output 65600 65536
ALLOC logits 131136 4104192
ALLOC transformer_block_0.rmsnorm0_out 4235328 65536
ALLOC transformer_block_0.qkv_out 4300864 98304
ALLOC transformer_block_0.rope_out 4399168 98304
ALLOC transformer_block_0.attention_out 4497472 65536
ALLOC transformer_block_0.residual0_out 4563008 65536
ALLOC transformer_block_0.rmsnorm1_out 4628544 65536
ALLOC transformer_block_0.swiglu_out 4694080 65536
ALLOC transformer_block_0.rmsnorm0.weight 4759616 4096
ALLOC transformer_block_0.qkv_project.wq 4763712 8388608
ALLOC transformer_block_0.qkv_project.wk 13152320 2097152
ALLOC transformer_block_0.qkv_project.wv 15249472 2097152
ALLOC transformer_block_0.attention.wo 17346624 8388608
ALLOC transformer_block_0.rmsnorm1.weight 25735232 4096
ALLOC transformer_block_0.swiglu.w_gate 25739328 33554432
ALLOC transformer_block_0.swiglu.w_up 59293760 33554432
ALLOC transformer_block_0.swiglu.w_down 92848192 33554432
EXEC input Input
EXEC embedding Embedding
EXEC transformer_block_0.rmsnorm0 RmsNorm
EXEC transformer_block_0.qkv_project QkvProject
EXEC transformer_block_0.rope Rope
EXEC transformer_block_0.attention Attention
EXEC transformer_block_0.residual0 ResidualAdd
EXEC transformer_block_0.rmsnorm1 RmsNorm
EXEC transformer_block_0.swiglu SwiGLU
EXEC transformer_block_0.residual1 ResidualAdd
EXEC lm_head LmHead
EXEC output Output

==== MLIR Bridge 占位输出 ====
// MLIR bridge 占位骨架
// 当前模式：仅提供占位输出，核心工程无需依赖 MLIR 即可构建。
// 后续方向：
//   1. 为高层 TransformerBlock 定义 self_compiler 方言。
//   2. lowering 到 func/arith/tensor/memref/scf 或 toy accelerator 方言。
//   3. 复用 MLIR 的 canonicalization 与 conversion pass 基础设施。

module {
  // 算子: input kind=Input
  // 算子: embedding kind=Embedding
  // 算子: transformer_block_0.rmsnorm0 kind=RmsNorm
  // 算子: transformer_block_0.qkv_project kind=QkvProject
  // 算子: transformer_block_0.rope kind=Rope
  // 算子: transformer_block_0.attention kind=Attention
  // 算子: transformer_block_0.residual0 kind=ResidualAdd
  // 算子: transformer_block_0.rmsnorm1 kind=RmsNorm
  // 算子: transformer_block_0.swiglu kind=SwiGLU
  // 算子: transformer_block_0.residual1 kind=ResidualAdd
  // 算子: lm_head kind=LmHead
  // 算子: output kind=Output
}
<end of output>
Test time =   0.65 sec
----------------------------------------------------------
Test Passed.
"self_compiler_smoke" end time: Mar 15 01:35 �й���׼ʱ��
"self_compiler_smoke" time elapsed: 00:00:00
----------------------------------------------------------

End testing: Mar 15 01:35 �й���׼ʱ��
